<?xml version="1.0" encoding="UTF-8"?>
<!-- Generated by org.testng.reporters.JUnitReportReporter -->
<testsuite hostname="AIPL5997LT17468" failures="0" tests="1" name="Pet.PetstoreAPITest" time="3.097" errors="0" timestamp="2024-11-25T18:05:17 IST" skipped="0">
  <testcase classname="Pet.PetstoreAPITest" name="testPostCreatePet" time="3.097"/>
  <system-out/>
</testsuite> <!-- Pet.PetstoreAPITest -->
