<?xml version="1.0" encoding="UTF-8"?>
<!-- Generated by org.testng.reporters.JUnitReportReporter -->
<testsuite hostname="AIPL5997LT17468" failures="0" tests="4" name="Pet.PetstoreAPITest2" time="9.065" errors="0" timestamp="2024-11-25T20:13:16 IST" skipped="0">
  <testcase classname="Pet.PetstoreAPITest2" name="testPostCreatePet" time="3.689"/>
  <system-out/>
  <testcase classname="Pet.PetstoreAPITest2" name="getPet" time="1.365"/>
  <system-out/>
  <testcase classname="Pet.PetstoreAPITest2" name="updatePet" time="1.384"/>
  <system-out/>
  <testcase classname="Pet.PetstoreAPITest2" name="deletePet" time="2.627"/>
  <system-out/>
</testsuite> <!-- Pet.PetstoreAPITest2 -->
