<?xml version="1.0" encoding="UTF-8"?>
<!-- Generated by org.testng.reporters.JUnitReportReporter -->
<testsuite hostname="AIPL5997LT17468" failures="0" tests="1" name="Pet.UpdatePet" time="3.266" errors="0" timestamp="2024-11-25T19:32:12 IST" skipped="0">
  <testcase classname="Pet.UpdatePet" name="updatePetWithForm" time="3.266"/>
  <system-out/>
</testsuite> <!-- Pet.UpdatePet -->
