<?xml version="1.0" encoding="UTF-8"?>
<!-- Generated by org.testng.reporters.JUnitReportReporter -->
<testsuite hostname="AIPL5997LT17468" failures="0" tests="1" name="Pet.GetOperation" time="3.437" errors="0" timestamp="2024-11-25T16:54:56 IST" skipped="0">
  <testcase classname="Pet.GetOperation" name="getPetByIdWithAPIKey" time="3.437"/>
  <system-out/>
</testsuite> <!-- Pet.GetOperation -->
